0 verbose cli /Users/jkowall/.nvm/versions/node/v24.13.0/bin/node /Users/jkowall/.nvm/versions/node/v24.13.0/bin/npm
1 info using npm@11.6.2
2 info using node@v24.13.0
3 silly config load:file:/Users/jkowall/.nvm/versions/node/v24.13.0/lib/node_modules/npm/npmrc
4 warn Unknown cli config "--unsafe-perm". This will stop working in the next major version of npm.
5 silly config load:file:/Users/jkowall/PRTG-Sensor-Hub/apps/web/.npmrc
6 silly config load:file:/Users/jkowall/PRTG-Sensor-Hub/apps/web/.fake-home/.npmrc
7 silly config load:file:/Users/jkowall/.nvm/versions/node/v24.13.0/etc/npmrc
8 verbose title npm install
9 verbose argv "install" "--no-audit" "--unsafe-perm"
10 verbose logfile logs-max:10 dir:/Users/jkowall/PRTG-Sensor-Hub/apps/web/.npm-cache/_logs/2026-02-10T08_19_51_483Z-
11 verbose logfile /Users/jkowall/PRTG-Sensor-Hub/apps/web/.npm-cache/_logs/2026-02-10T08_19_51_483Z-debug-0.log
12 silly logfile start cleaning logs, removing 1 files
13 silly packumentCache heap:4496293888 maxSize:1124073472 maxEntrySize:562036736
14 silly logfile done cleaning log files
15 silly idealTree buildDeps
16 silly reify moves {}
17 verbose cwd /Users/jkowall/PRTG-Sensor-Hub/apps/web
18 verbose os Darwin 25.3.0
19 verbose node v24.13.0
20 verbose npm  v11.6.2
21 verbose exit 0
22 info ok
