0 verbose cli /Users/jkowall/.nvm/versions/node/v24.13.0/bin/node /Users/jkowall/.nvm/versions/node/v24.13.0/lib/node_modules/npm/bin/npm-cli.js
1 info using npm@11.6.2
2 info using node@v24.13.0
3 silly config load:file:/Users/jkowall/.nvm/versions/node/v24.13.0/lib/node_modules/npm/npmrc
4 silly config load:file:/Users/jkowall/PRTG-Sensor-Hub/apps/web/.npmrc
5 silly config load:file:/Users/jkowall/PRTG-Sensor-Hub/apps/web/.fake-home/.npmrc
6 silly config load:file:/Users/jkowall/.nvm/versions/node/v24.13.0/etc/npmrc
7 verbose title npm exec @cloudflare/next-on-pages
8 verbose argv "exec" "--" "@cloudflare/next-on-pages"
9 verbose logfile logs-max:10 dir:/Users/jkowall/PRTG-Sensor-Hub/apps/web/.npm-cache/_logs/2026-02-10T08_19_50_089Z-
10 verbose logfile /Users/jkowall/PRTG-Sensor-Hub/apps/web/.npm-cache/_logs/2026-02-10T08_19_50_089Z-debug-0.log
11 silly logfile start cleaning logs, removing 1 files
12 silly logfile done cleaning log files
13 silly packumentCache heap:4496293888 maxSize:1124073472 maxEntrySize:562036736
14 verbose cwd /Users/jkowall/PRTG-Sensor-Hub/apps/web
15 verbose os Darwin 25.3.0
16 verbose node v24.13.0
17 verbose npm  v11.6.2
18 verbose exit 0
19 info ok
