0 verbose cli /Users/jkowall/.nvm/versions/node/v24.13.0/bin/node /Users/jkowall/.nvm/versions/node/v24.13.0/lib/node_modules/npm/bin/npm-cli.js
1 info using npm@11.6.2
2 info using node@v24.13.0
3 silly config load:file:/Users/jkowall/.nvm/versions/node/v24.13.0/lib/node_modules/npm/npmrc
4 silly config load:file:/Users/jkowall/PRTG-Sensor-Hub/apps/web/.npmrc
5 silly config load:file:/Users/jkowall/PRTG-Sensor-Hub/apps/web/.tmp_home/.npmrc
6 silly config load:file:/Users/jkowall/.nvm/versions/node/v24.13.0/etc/npmrc
7 verbose title npm exec wrangler login
8 verbose argv "exec" "--" "wrangler" "login"
9 verbose logfile logs-max:10 dir:/Users/jkowall/PRTG-Sensor-Hub/apps/web/.tmp_home/.npm/_logs/2026-02-13T12_49_05_658Z-
10 verbose logfile /Users/jkowall/PRTG-Sensor-Hub/apps/web/.tmp_home/.npm/_logs/2026-02-13T12_49_05_658Z-debug-0.log
11 silly logfile done cleaning log files
12 http fetch GET 200 https://registry.npmjs.org/npm 267ms
13 verbose cwd /Users/jkowall/PRTG-Sensor-Hub/apps/web
14 verbose os Darwin 25.3.0
15 verbose node v24.13.0
16 verbose npm  v11.6.2
17 notice
17 notice New minor version of npm available! 11.6.2 -> 11.10.0
17 notice Changelog: https://github.com/npm/cli/releases/tag/v11.10.0
17 notice To update run: npm install -g npm@11.10.0
17 notice  { force: true, Symbol(proc-log.meta): true }
18 verbose exit 1
19 verbose code 1
